<?xml version="1.0" encoding="UTF-8"?>
<!-- Generated by org.testng.reporters.JUnitReportReporter -->
<testsuite hostname="SMAVODEV-SERVER" failures="0" tests="2" name="tests.TestsExamples" time="1.573" errors="0" timestamp="2022-08-25T23:08:00 PET" skipped="0">
  <testcase classname="tests.TestsExamples" name="test2" time="0.503"/>
  <system-out/>
  <testcase classname="tests.TestsExamples" name="test" time="1.070"/>
  <system-out/>
</testsuite> <!-- tests.TestsExamples -->
