<?xml version="1.0" encoding="UTF-8"?>
<!-- Generated by org.testng.reporters.JUnitReportReporter -->
<testsuite hostname="SMAVODEV-SERVER" failures="0" tests="2" name="tests.TestsExamples" time="1.788" errors="0" timestamp="2022-08-27T09:58:58 PET" skipped="0">
  <testcase classname="tests.TestsExamples" name="test2" time="0.487"/>
  <system-out/>
  <testcase classname="tests.TestsExamples" name="test" time="1.301"/>
  <system-out/>
</testsuite> <!-- tests.TestsExamples -->
