<?xml version="1.0" encoding="UTF-8"?>
<!-- Generated by org.testng.reporters.JUnitReportReporter -->
<testsuite hostname="SMAVODEV-SERVER" failures="0" tests="2" name="tests.GetAndPostExamples" time="2.046" errors="0" timestamp="2022-08-28T13:55:17 PET" skipped="0">
  <testcase classname="tests.GetAndPostExamples" name="tesPost" time="0.529"/>
  <system-out/>
  <testcase classname="tests.GetAndPostExamples" name="tesGet" time="1.517"/>
  <system-out/>
</testsuite> <!-- tests.GetAndPostExamples -->
