<?xml version="1.0" encoding="UTF-8"?>
<!-- Generated by org.testng.reporters.JUnitReportReporter -->
<testsuite hostname="SMAVODEV-SERVER" failures="0" tests="1" name="tests.TestsExamples" time="1.748" errors="0" timestamp="2022-08-24T14:43:01 PET" skipped="0">
  <testcase classname="tests.TestsExamples" name="test" time="1.748"/>
  <system-out/>
</testsuite> <!-- tests.TestsExamples -->
